<?xml version="1.0" encoding="UTF-8"?>
<testng-results skipped="0" failed="0" ignored="2" total="4" passed="2">
  <reporter-output>
  </reporter-output>
  <suite name="All Test Suite" duration-ms="12490" started-at="2019-08-09T19:04:11Z" finished-at="2019-08-09T19:04:23Z">
    <groups>
    </groups>
    <test name="/Users/victorcarrillo/Victor-Automation/SeleniumProjectPractice/src/test/java/Tests/FirstTests.java" duration-ms="12490" started-at="2019-08-09T19:04:11Z" finished-at="2019-08-09T19:04:23Z">
      <class name="Tests.FirstTests">
        <test-method status="PASS" signature="setup()[pri:0, instance:Tests.FirstTests@31dc339b]" name="setup" is-config="true" duration-ms="4812" started-at="2019-08-09T19:04:11Z" finished-at="2019-08-09T19:04:15Z">
          <reporter-output>
          </reporter-output>
        </test-method> <!-- setup -->
        <test-method status="PASS" signature="addToCartItem()[pri:0, instance:Tests.FirstTests@31dc339b]" name="addToCartItem" duration-ms="4825" started-at="2019-08-09T19:04:15Z" finished-at="2019-08-09T19:04:20Z">
          <reporter-output>
          </reporter-output>
        </test-method> <!-- addToCartItem -->
        <test-method status="PASS" signature="validLogin()[pri:0, instance:Tests.FirstTests@31dc339b]" name="validLogin" duration-ms="2654" started-at="2019-08-09T19:04:20Z" finished-at="2019-08-09T19:04:23Z">
          <reporter-output>
          </reporter-output>
        </test-method> <!-- validLogin -->
        <test-method status="PASS" signature="tearDown()[pri:0, instance:Tests.FirstTests@31dc339b]" name="tearDown" is-config="true" duration-ms="184" started-at="2019-08-09T19:04:23Z" finished-at="2019-08-09T19:04:23Z">
          <reporter-output>
          </reporter-output>
        </test-method> <!-- tearDown -->
      </class> <!-- Tests.FirstTests -->
    </test> <!-- /Users/victorcarrillo/Victor-Automation/SeleniumProjectPractice/src/test/java/Tests/FirstTests.java -->
  </suite> <!-- All Test Suite -->
</testng-results>
