<?xml version="1.0" encoding="UTF-8"?>
<!-- Generated by org.testng.reporters.JUnitXMLReporter -->
<testsuite hostname="MacBook-Pro-de-Victor.local" ignored="2" name="/Users/victorcarrillo/Victor-Automation/SeleniumProjectPractice/src/test/java/Tests/FirstTests.java" tests="2" failures="0" timestamp="09 ago 2019 16:15:53 GMT" time="12.373" errors="0">
  <testcase name="addToCartItem" time="4.394" classname="Tests.FirstTests"/>
  <testcase name="validLogin" time="2.831" classname="Tests.FirstTests"/>
  <testcase name="shopWorkFlow" time="0.0" classname="Tests.FirstTests">
    <ignored/>
  </testcase> <!-- shopWorkFlow -->
  <testcase name="validateHomePageActive" time="0.0" classname="Tests.FirstTests">
    <ignored/>
  </testcase> <!-- validateHomePageActive -->
</testsuite> <!-- /Users/victorcarrillo/Victor-Automation/SeleniumProjectPractice/src/test/java/Tests/FirstTests.java -->
